<?xml version="1.0" encoding="UTF-8"?>
<testng-results ignored="0" total="1" passed="1" failed="0" skipped="0">
  <reporter-output>
  </reporter-output>
  <suite started-at="2025-04-14T08:02:28 EDT" name="Default suite" finished-at="2025-04-14T08:02:53 EDT" duration-ms="24933">
    <groups>
    </groups>
    <test started-at="2025-04-14T08:02:28 EDT" name="Default test" finished-at="2025-04-14T08:02:53 EDT" duration-ms="24933">
      <class name="org.Sudhir.Tests.SubmitOrderTest">
        <test-method is-config="true" signature="launchApplication()[pri:0, instance:org.Sudhir.Tests.SubmitOrderTest@6892b3b6]" started-at="2025-04-14T08:02:28 EDT" name="launchApplication" finished-at="2025-04-14T08:02:35 EDT" duration-ms="6992" status="PASS">
          <reporter-output>
          </reporter-output>
        </test-method> <!-- launchApplication -->
        <test-method signature="SubmitOrder()[pri:0, instance:org.Sudhir.Tests.SubmitOrderTest@6892b3b6]" started-at="2025-04-14T08:02:35 EDT" name="SubmitOrder" finished-at="2025-04-14T08:02:52 EDT" duration-ms="17043" status="PASS">
          <reporter-output>
          </reporter-output>
        </test-method> <!-- SubmitOrder -->
        <test-method is-config="true" signature="closeApplication()[pri:0, instance:org.Sudhir.Tests.SubmitOrderTest@6892b3b6]" started-at="2025-04-14T08:02:52 EDT" name="closeApplication" finished-at="2025-04-14T08:02:53 EDT" duration-ms="822" status="PASS">
          <reporter-output>
          </reporter-output>
        </test-method> <!-- closeApplication -->
      </class> <!-- org.Sudhir.Tests.SubmitOrderTest -->
    </test> <!-- Default test -->
  </suite> <!-- Default suite -->
</testng-results>
